0 info it worked if it ends with ok
1 verbose cli [ '/usr/local/bin/node', '/usr/local/bin/npm', 'install', '-g', 'n' ]
2 info using npm@3.10.10
3 info using node@v16.14.2
4 silly loadCurrentTree Starting
5 silly install loadCurrentTree
6 silly install readGlobalPackageData
7 silly fetchPackageMetaData n
8 silly fetchNamedPackageData n
9 silly mapToRegistry name n
10 silly mapToRegistry using default registry
11 silly mapToRegistry registry https://registry.npmjs.org/
12 silly mapToRegistry data Result {
12 silly mapToRegistry   raw: 'n',
12 silly mapToRegistry   scope: null,
12 silly mapToRegistry   escapedName: 'n',
12 silly mapToRegistry   name: 'n',
12 silly mapToRegistry   rawSpec: '',
12 silly mapToRegistry   spec: 'latest',
12 silly mapToRegistry   type: 'tag'
12 silly mapToRegistry }
13 silly mapToRegistry uri https://registry.npmjs.org/n
14 verbose request uri https://registry.npmjs.org/n
15 verbose request no auth needed
16 info attempt registry request try #1 at 12:28:22 PM
17 verbose request id 69cece7e8263bde9
18 verbose etag W/"d34e263db6cfbb492bbbda23b40a7f36"
19 verbose lastModified Fri, 18 Mar 2022 05:18:41 GMT
20 http request GET https://registry.npmjs.org/n
21 http 200 https://registry.npmjs.org/n
22 verbose headers {
22 verbose headers   date: 'Thu, 19 May 2022 06:28:23 GMT',
22 verbose headers   'content-type': 'application/json',
22 verbose headers   'transfer-encoding': 'chunked',
22 verbose headers   connection: 'keep-alive',
22 verbose headers   'cf-ray': '70dac5acdc4b78c7-CGP',
22 verbose headers   'access-control-allow-origin': '*',
22 verbose headers   'cache-control': 'public, max-age=300',
22 verbose headers   etag: 'W/"0bda3c383d9c6023aa3d4f6c6cfbf31c"',
22 verbose headers   'last-modified': 'Mon, 16 May 2022 22:42:37 GMT',
22 verbose headers   vary: 'accept-encoding, accept',
22 verbose headers   'cf-cache-status': 'HIT',
22 verbose headers   'expect-ct': 'max-age=604800, report-uri="https://report-uri.cloudflare.com/cdn-cgi/beacon/expect-ct"',
22 verbose headers   'x-amz-replication-status': 'COMPLETED',
22 verbose headers   server: 'cloudflare',
22 verbose headers   'content-encoding': 'gzip'
22 verbose headers }
23 silly get cb [
23 silly get   200,
23 silly get   {
23 silly get     date: 'Thu, 19 May 2022 06:28:23 GMT',
23 silly get     'content-type': 'application/json',
23 silly get     'transfer-encoding': 'chunked',
23 silly get     connection: 'keep-alive',
23 silly get     'cf-ray': '70dac5acdc4b78c7-CGP',
23 silly get     'access-control-allow-origin': '*',
23 silly get     'cache-control': 'public, max-age=300',
23 silly get     etag: 'W/"0bda3c383d9c6023aa3d4f6c6cfbf31c"',
23 silly get     'last-modified': 'Mon, 16 May 2022 22:42:37 GMT',
23 silly get     vary: 'accept-encoding, accept',
23 silly get     'cf-cache-status': 'HIT',
23 silly get     'expect-ct': 'max-age=604800, report-uri="https://report-uri.cloudflare.com/cdn-cgi/beacon/expect-ct"',
23 silly get     'x-amz-replication-status': 'COMPLETED',
23 silly get     server: 'cloudflare',
23 silly get     'content-encoding': 'gzip'
23 silly get   }
23 silly get ]
24 verbose get saving n to /root/.npm/registry.npmjs.org/n/.cache.json
25 verbose correctMkdir /root/.npm correctMkdir not in flight; initializing
26 verbose stack TypeError: cb.apply is not a function
26 verbose stack     at /usr/local/lib/node_modules/npm/node_modules/graceful-fs/polyfills.js:267:18
26 verbose stack     at FSReqCallback.oncomplete (node:fs:199:5)
27 verbose cwd /home/kalam/Desktop/weblab
28 error Linux 5.13.0-40-generic
29 error argv "/usr/local/bin/node" "/usr/local/bin/npm" "install" "-g" "n"
30 error node v16.14.2
31 error npm  v3.10.10
32 error cb.apply is not a function
33 error If you need help, you may report this error at:
33 error     <https://github.com/npm/npm/issues>
34 verbose exit [ 1, true ]
